<?xml version="1.0" encoding="UTF-8"?>
<testsuites name="11" time="14.105" tests="1" failures="0" errors="1">
   <testsuite name="11" tests="1" failures="0" errors="1" time="14.105" skipped="0" timestamp="2022-02-23 09:19:47" hostname="Administrator - 172.16.2.74" id="Test Suites/11">
      <properties>
         <property name="deviceName" value=""/>
         <property name="devicePlatform" value=""/>
         <property name="logFolder" value="C:\\Users\\Administrator\\git\\SFA-WEB--Q.A\\Reports\\20220223_091944\\11\\20220223_091944"/>
         <property name="logFiles" value="C:\\Users\\Administrator\\git\\SFA-WEB--Q.A\\Reports\\20220223_091944\\11\\20220223_091944\\execution0.log"/>
         <property name="attachments" value=""/>
         <property name="hostName" value="Administrator - 172.16.2.74"/>
         <property name="os" value="Windows 10 64bit"/>
         <property name="katalonVersion" value="8.2.5.208"/>
         <property name="browser" value="Chrome 98.0.4758.102"/>
         <property name="hostAddress" value="172.16.2.74"/>
         <property name="sessionId" value="06f01e207f49c944d3cdb4cf5d2c82bd"/>
         <property name="seleniumVersion" value="3.141.59"/>
         <property name="proxyInformation" value="ProxyInformation { proxyOption=NO_PROXY, proxyServerType=HTTP, username=, password=********, proxyServerAddress=, proxyServerPort=0, executionList=&quot;&quot;, isApplyToDesiredCapabilities=true }"/>
         <property name="platform" value="Windows 10"/>
      </properties>
      <testcase name="Test Cases/11" time="13.609" classname="Test Cases/11" status="ERROR">
         <error type="ERROR" message="Test Cases/11 FAILED.
Reason:
java.lang.NumberFormatException
	at org.apache.commons.lang.math.NumberUtils.createBigDecimal(NumberUtils.java:768)
	at org.apache.commons.lang.math.NumberUtils$createBigDecimal.call(Unknown Source)
	at 11.run(11:62)
	at com.kms.katalon.core.main.ScriptEngine.run(ScriptEngine.java:194)
	at com.kms.katalon.core.main.ScriptEngine.runScriptAsRawText(ScriptEngine.java:119)
	at com.kms.katalon.core.main.TestCaseExecutor.runScript(TestCaseExecutor.java:442)
	at com.kms.katalon.core.main.TestCaseExecutor.doExecute(TestCaseExecutor.java:433)
	at com.kms.katalon.core.main.TestCaseExecutor.processExecutionPhase(TestCaseExecutor.java:412)
	at com.kms.katalon.core.main.TestCaseExecutor.accessMainPhase(TestCaseExecutor.java:404)
	at com.kms.katalon.core.main.TestCaseExecutor.execute(TestCaseExecutor.java:281)
	at com.kms.katalon.core.main.TestSuiteExecutor.accessTestCaseMainPhase(TestSuiteExecutor.java:202)
	at com.kms.katalon.core.main.TestSuiteExecutor.accessTestSuiteMainPhase(TestSuiteExecutor.java:164)
	at com.kms.katalon.core.main.TestSuiteExecutor.execute(TestSuiteExecutor.java:105)
	at com.kms.katalon.core.main.TestCaseMain.startTestSuite(TestCaseMain.java:185)
	at com.kms.katalon.core.main.TestCaseMain$startTestSuite$0.call(Unknown Source)
	at TempTestSuite1645618784199.run(TempTestSuite1645618784199.groovy:36)
"/>
         <system-out><![CDATA[2022-02-23 09:19:47 - [TEST_CASE][ERROR] - Test Cases/11: Test Cases/11 FAILED.
Reason:
java.lang.NumberFormatException
	at org.apache.commons.lang.math.NumberUtils.createBigDecimal(NumberUtils.java:768)
	at org.apache.commons.lang.math.NumberUtils$createBigDecimal.call(Unknown Source)
	at 11.run(11:62)
	at com.kms.katalon.core.main.ScriptEngine.run(ScriptEngine.java:194)
	at com.kms.katalon.core.main.ScriptEngine.runScriptAsRawText(ScriptEngine.java:119)
	at com.kms.katalon.core.main.TestCaseExecutor.runScript(TestCaseExecutor.java:442)
	at com.kms.katalon.core.main.TestCaseExecutor.doExecute(TestCaseExecutor.java:433)
	at com.kms.katalon.core.main.TestCaseExecutor.processExecutionPhase(TestCaseExecutor.java:412)
	at com.kms.katalon.core.main.TestCaseExecutor.accessMainPhase(TestCaseExecutor.java:404)
	at com.kms.katalon.core.main.TestCaseExecutor.execute(TestCaseExecutor.java:281)
	at com.kms.katalon.core.main.TestSuiteExecutor.accessTestCaseMainPhase(TestSuiteExecutor.java:202)
	at com.kms.katalon.core.main.TestSuiteExecutor.accessTestSuiteMainPhase(TestSuiteExecutor.java:164)
	at com.kms.katalon.core.main.TestSuiteExecutor.execute(TestSuiteExecutor.java:105)
	at com.kms.katalon.core.main.TestCaseMain.startTestSuite(TestCaseMain.java:185)
	at com.kms.katalon.core.main.TestCaseMain$startTestSuite$0.call(Unknown Source)
	at TempTestSuite1645618784199.run(TempTestSuite1645618784199.groovy:36)


2022-02-23 09:19:48 - [TEST_STEP][PASSED] - openBrowser(""): Browser is opened with url: ''

2022-02-23 09:19:48 - [MESSAGE][INFO] - Starting 'Chrome' driver

2022-02-23 09:19:48 - [MESSAGE][INFO] - Action delay is set to 0 milliseconds

2022-02-23 09:19:50 - [MESSAGE][PASSED] - Browser is opened with url: ''

2022-02-23 09:19:50 - [TEST_STEP][PASSED] - navigateToUrl("http://172.16.1.21:7802/pt/account/login?returnUrl=%2Fpedidos"): Navigate to 'http://172.16.1.21:7802/pt/account/login?returnUrl=%2Fpedidos' successfully

2022-02-23 09:19:51 - [MESSAGE][PASSED] - Navigate to 'http://172.16.1.21:7802/pt/account/login?returnUrl=%2Fpedidos' successfully

2022-02-23 09:19:51 - [TEST_STEP][PASSED] - setText(findTestObject("Object Repository/Page_Dataplace - SFA/input_Nome de usurio ou endereo de email_email"), "mayara.moraes@dataplace.com.br"): Text 'mayara.moraes@dataplace.com.br' is set on object 'Object Repository/Page_Dataplace - SFA/input_Nome de usurio ou endereo de email_email'

2022-02-23 09:19:52 - [MESSAGE][PASSED] - Text 'mayara.moraes@dataplace.com.br' is set on object 'Object Repository/Page_Dataplace - SFA/input_Nome de usurio ou endereo de email_email'

2022-02-23 09:19:52 - [TEST_STEP][PASSED] - click(findTestObject("Object Repository/Page_Dataplace - SFA/form_LoginNome de usurio ou endereo de emai_327498")): Object: 'Object Repository/Page_Dataplace - SFA/form_LoginNome de usurio ou endereo de emai_327498' is clicked on

2022-02-23 09:19:52 - [MESSAGE][PASSED] - Object: 'Object Repository/Page_Dataplace - SFA/form_LoginNome de usurio ou endereo de emai_327498' is clicked on

2022-02-23 09:19:52 - [TEST_STEP][PASSED] - setEncryptedText(findTestObject("Object Repository/Page_Dataplace - SFA/input_Senha_senha"), "i+K1X3doZYBu6F0i+9QHbg=="): Text ****** has been set on object 'Object Repository/Page_Dataplace - SFA/input_Senha_senha'

2022-02-23 09:19:53 - [MESSAGE][PASSED] - Text ****** has been set on object 'Object Repository/Page_Dataplace - SFA/input_Senha_senha'

2022-02-23 09:19:53 - [TEST_STEP][PASSED] - click(findTestObject("Object Repository/Page_Dataplace - SFA/button_Login")): Object: 'Object Repository/Page_Dataplace - SFA/button_Login' is clicked on

2022-02-23 09:19:53 - [MESSAGE][PASSED] - Object: 'Object Repository/Page_Dataplace - SFA/button_Login' is clicked on

2022-02-23 09:19:53 - [TEST_STEP][PASSED] - click(findTestObject("Object Repository/Page_Dataplace - SFA/div_LoginNome de usurio ou endereo de email_d83c56")): Object: 'Object Repository/Page_Dataplace - SFA/div_LoginNome de usurio ou endereo de email_d83c56' is clicked on

2022-02-23 09:19:54 - [MESSAGE][PASSED] - Object: 'Object Repository/Page_Dataplace - SFA/div_LoginNome de usurio ou endereo de email_d83c56' is clicked on

2022-02-23 09:19:54 - [TEST_STEP][PASSED] - setEncryptedText(findTestObject("Object Repository/Page_Dataplace - SFA/input_Senha_senha"), "jBu/h84nUum0DzfFUdyvAQ=="): Text ****** has been set on object 'Object Repository/Page_Dataplace - SFA/input_Senha_senha'

2022-02-23 09:19:54 - [MESSAGE][PASSED] - Text ****** has been set on object 'Object Repository/Page_Dataplace - SFA/input_Senha_senha'

2022-02-23 09:19:54 - [TEST_STEP][PASSED] - click(findTestObject("Object Repository/Page_Dataplace - SFA/button_Login")): Object: 'Object Repository/Page_Dataplace - SFA/button_Login' is clicked on

2022-02-23 09:19:55 - [MESSAGE][PASSED] - Object: 'Object Repository/Page_Dataplace - SFA/button_Login' is clicked on

2022-02-23 09:19:55 - [TEST_STEP][PASSED] - click(findTestObject("Object Repository/Page_Dataplace SFA/div_1690")): Object: 'Object Repository/Page_Dataplace SFA/div_1690' is clicked on

2022-02-23 09:19:55 - [MESSAGE][PASSED] - Object: 'Object Repository/Page_Dataplace SFA/div_1690' is clicked on

2022-02-23 09:19:55 - [TEST_STEP][PASSED] - click(findTestObject("Object Repository/Page_Dataplace SFA/i_R15,90_fas fa-edit text-primary m-auto")): Object: 'Object Repository/Page_Dataplace SFA/i_R15,90_fas fa-edit text-primary m-auto' is clicked on

2022-02-23 09:19:56 - [MESSAGE][PASSED] - Object: 'Object Repository/Page_Dataplace SFA/i_R15,90_fas fa-edit text-primary m-auto' is clicked on

2022-02-23 09:19:56 - [TEST_STEP][PASSED] - verifyElementText(findTestObject("Object Repository/Page_Dataplace SFA/div_R15,00"), "R$ 30,00"): Actual text and expected text of test object 'Object Repository/Page_Dataplace SFA/div_R15,00' are matched.

2022-02-23 09:19:57 - [MESSAGE][PASSED] - Actual text and expected text of test object 'Object Repository/Page_Dataplace SFA/div_R15,00' are matched.

2022-02-23 09:19:57 - [TEST_STEP][PASSED] - qtd = NumberUtils.createBigDecimal(String.valueOf(quantidade)): null

2022-02-23 09:19:57 - [TEST_STEP][PASSED] - setText(findTestObject("Object Repository/Page_Dataplace SFA/input_Quantidade_quantidade"), quantidade): Text '1' is set on object 'Object Repository/Page_Dataplace SFA/input_Quantidade_quantidade'

2022-02-23 09:19:58 - [MESSAGE][PASSED] - Text '1' is set on object 'Object Repository/Page_Dataplace SFA/input_Quantidade_quantidade'

2022-02-23 09:19:58 - [TEST_STEP][PASSED] - out.println(qtd): null

2022-02-23 09:19:58 - [TEST_STEP][PASSED] - click(findTestObject("Object Repository/Page_Dataplace SFA/input_Descontos_f13006f7-bd1a-4c10-947c-34b_e96160")): Object: 'Object Repository/Page_Dataplace SFA/input_Descontos_f13006f7-bd1a-4c10-947c-34b_e96160' is clicked on

2022-02-23 09:19:58 - [MESSAGE][PASSED] - Object: 'Object Repository/Page_Dataplace SFA/input_Descontos_f13006f7-bd1a-4c10-947c-34b_e96160' is clicked on

2022-02-23 09:19:58 - [TEST_STEP][PASSED] - setText(findTestObject("Object Repository/Page_Dataplace SFA/input_Descontos_f13006f7-bd1a-4c10-947c-34b_e96160"), desconto): Text '10,00' is set on object 'Object Repository/Page_Dataplace SFA/input_Descontos_f13006f7-bd1a-4c10-947c-34b_e96160'

2022-02-23 09:19:59 - [MESSAGE][PASSED] - Text '10,00' is set on object 'Object Repository/Page_Dataplace SFA/input_Descontos_f13006f7-bd1a-4c10-947c-34b_e96160'

2022-02-23 09:19:59 - [TEST_STEP][PASSED] - click(findTestObject("Object Repository/Page_Dataplace SFA/div_")): Object: 'Object Repository/Page_Dataplace SFA/div_' is clicked on

2022-02-23 09:20:00 - [MESSAGE][PASSED] - Object: 'Object Repository/Page_Dataplace SFA/div_' is clicked on

2022-02-23 09:20:00 - [TEST_STEP][PASSED] - click(findTestObject("Object Repository/Page_Dataplace SFA/div_Descontos")): Object: 'Object Repository/Page_Dataplace SFA/div_Descontos' is clicked on

2022-02-23 09:20:00 - [MESSAGE][PASSED] - Object: 'Object Repository/Page_Dataplace SFA/div_Descontos' is clicked on

2022-02-23 09:20:00 - [TEST_STEP][PASSED] - click(findTestObject("Object Repository/Page_Dataplace SFA/input_R_precoLiquido")): Object: 'Object Repository/Page_Dataplace SFA/input_R_precoLiquido' is clicked on

2022-02-23 09:20:01 - [MESSAGE][PASSED] - Object: 'Object Repository/Page_Dataplace SFA/input_R_precoLiquido' is clicked on

2022-02-23 09:20:01 - [TEST_STEP][ERROR] - preco = NumberUtils.createBigDecimal(String.valueOf(precoLiq)): Test Cases/11 FAILED.
Reason:
java.lang.NumberFormatException
	at org.apache.commons.lang.math.NumberUtils.createBigDecimal(NumberUtils.java:768)
	at org.apache.commons.lang.math.NumberUtils$createBigDecimal.call(Unknown Source)
	at 11.run(11:62)
	at com.kms.katalon.core.main.ScriptEngine.run(ScriptEngine.java:194)
	at com.kms.katalon.core.main.ScriptEngine.runScriptAsRawText(ScriptEngine.java:119)
	at com.kms.katalon.core.main.TestCaseExecutor.runScript(TestCaseExecutor.java:442)
	at com.kms.katalon.core.main.TestCaseExecutor.doExecute(TestCaseExecutor.java:433)
	at com.kms.katalon.core.main.TestCaseExecutor.processExecutionPhase(TestCaseExecutor.java:412)
	at com.kms.katalon.core.main.TestCaseExecutor.accessMainPhase(TestCaseExecutor.java:404)
	at com.kms.katalon.core.main.TestCaseExecutor.execute(TestCaseExecutor.java:281)
	at com.kms.katalon.core.main.TestSuiteExecutor.accessTestCaseMainPhase(TestSuiteExecutor.java:202)
	at com.kms.katalon.core.main.TestSuiteExecutor.accessTestSuiteMainPhase(TestSuiteExecutor.java:164)
	at com.kms.katalon.core.main.TestSuiteExecutor.execute(TestSuiteExecutor.java:105)
	at com.kms.katalon.core.main.TestCaseMain.startTestSuite(TestCaseMain.java:185)
	at com.kms.katalon.core.main.TestCaseMain$startTestSuite$0.call(Unknown Source)
	at TempTestSuite1645618784199.run(TempTestSuite1645618784199.groovy:36)


2022-02-23 09:20:01 - [MESSAGE][ERROR] - Test Cases/11 FAILED.
Reason:
java.lang.NumberFormatException
	at org.apache.commons.lang.math.NumberUtils.createBigDecimal(NumberUtils.java:768)
	at org.apache.commons.lang.math.NumberUtils$createBigDecimal.call(Unknown Source)
	at 11.run(11:62)
	at com.kms.katalon.core.main.ScriptEngine.run(ScriptEngine.java:194)
	at com.kms.katalon.core.main.ScriptEngine.runScriptAsRawText(ScriptEngine.java:119)
	at com.kms.katalon.core.main.TestCaseExecutor.runScript(TestCaseExecutor.java:442)
	at com.kms.katalon.core.main.TestCaseExecutor.doExecute(TestCaseExecutor.java:433)
	at com.kms.katalon.core.main.TestCaseExecutor.processExecutionPhase(TestCaseExecutor.java:412)
	at com.kms.katalon.core.main.TestCaseExecutor.accessMainPhase(TestCaseExecutor.java:404)
	at com.kms.katalon.core.main.TestCaseExecutor.execute(TestCaseExecutor.java:281)
	at com.kms.katalon.core.main.TestSuiteExecutor.accessTestCaseMainPhase(TestSuiteExecutor.java:202)
	at com.kms.katalon.core.main.TestSuiteExecutor.accessTestSuiteMainPhase(TestSuiteExecutor.java:164)
	at com.kms.katalon.core.main.TestSuiteExecutor.execute(TestSuiteExecutor.java:105)
	at com.kms.katalon.core.main.TestCaseMain.startTestSuite(TestCaseMain.java:185)
	at com.kms.katalon.core.main.TestCaseMain$startTestSuite$0.call(Unknown Source)
	at TempTestSuite1645618784199.run(TempTestSuite1645618784199.groovy:36)]]></system-out>
         <system-err><![CDATA[2022-02-23 09:19:47 - [TEST_CASE][ERROR] - Test Cases/11: Test Cases/11 FAILED.
Reason:
java.lang.NumberFormatException
	at org.apache.commons.lang.math.NumberUtils.createBigDecimal(NumberUtils.java:768)
	at org.apache.commons.lang.math.NumberUtils$createBigDecimal.call(Unknown Source)
	at 11.run(11:62)
	at com.kms.katalon.core.main.ScriptEngine.run(ScriptEngine.java:194)
	at com.kms.katalon.core.main.ScriptEngine.runScriptAsRawText(ScriptEngine.java:119)
	at com.kms.katalon.core.main.TestCaseExecutor.runScript(TestCaseExecutor.java:442)
	at com.kms.katalon.core.main.TestCaseExecutor.doExecute(TestCaseExecutor.java:433)
	at com.kms.katalon.core.main.TestCaseExecutor.processExecutionPhase(TestCaseExecutor.java:412)
	at com.kms.katalon.core.main.TestCaseExecutor.accessMainPhase(TestCaseExecutor.java:404)
	at com.kms.katalon.core.main.TestCaseExecutor.execute(TestCaseExecutor.java:281)
	at com.kms.katalon.core.main.TestSuiteExecutor.accessTestCaseMainPhase(TestSuiteExecutor.java:202)
	at com.kms.katalon.core.main.TestSuiteExecutor.accessTestSuiteMainPhase(TestSuiteExecutor.java:164)
	at com.kms.katalon.core.main.TestSuiteExecutor.execute(TestSuiteExecutor.java:105)
	at com.kms.katalon.core.main.TestCaseMain.startTestSuite(TestCaseMain.java:185)
	at com.kms.katalon.core.main.TestCaseMain$startTestSuite$0.call(Unknown Source)
	at TempTestSuite1645618784199.run(TempTestSuite1645618784199.groovy:36)]]></system-err>
      </testcase>
      <system-out><![CDATA[2022-02-23 09:19:47 - [TEST_SUITE][ERROR] - 11: Test Cases/11 FAILED.
Reason:
java.lang.NumberFormatException
	at org.apache.commons.lang.math.NumberUtils.createBigDecimal(NumberUtils.java:768)
	at org.apache.commons.lang.math.NumberUtils$createBigDecimal.call(Unknown Source)
	at 11.run(11:62)
	at com.kms.katalon.core.main.ScriptEngine.run(ScriptEngine.java:194)
	at com.kms.katalon.core.main.ScriptEngine.runScriptAsRawText(ScriptEngine.java:119)
	at com.kms.katalon.core.main.TestCaseExecutor.runScript(TestCaseExecutor.java:442)
	at com.kms.katalon.core.main.TestCaseExecutor.doExecute(TestCaseExecutor.java:433)
	at com.kms.katalon.core.main.TestCaseExecutor.processExecutionPhase(TestCaseExecutor.java:412)
	at com.kms.katalon.core.main.TestCaseExecutor.accessMainPhase(TestCaseExecutor.java:404)
	at com.kms.katalon.core.main.TestCaseExecutor.execute(TestCaseExecutor.java:281)
	at com.kms.katalon.core.main.TestSuiteExecutor.accessTestCaseMainPhase(TestSuiteExecutor.java:202)
	at com.kms.katalon.core.main.TestSuiteExecutor.accessTestSuiteMainPhase(TestSuiteExecutor.java:164)
	at com.kms.katalon.core.main.TestSuiteExecutor.execute(TestSuiteExecutor.java:105)
	at com.kms.katalon.core.main.TestCaseMain.startTestSuite(TestCaseMain.java:185)
	at com.kms.katalon.core.main.TestCaseMain$startTestSuite$0.call(Unknown Source)
	at TempTestSuite1645618784199.run(TempTestSuite1645618784199.groovy:36)]]></system-out>
      <system-err><![CDATA[2022-02-23 09:19:47 - [TEST_SUITE][ERROR] - 11: Test Cases/11 FAILED.
Reason:
java.lang.NumberFormatException
	at org.apache.commons.lang.math.NumberUtils.createBigDecimal(NumberUtils.java:768)
	at org.apache.commons.lang.math.NumberUtils$createBigDecimal.call(Unknown Source)
	at 11.run(11:62)
	at com.kms.katalon.core.main.ScriptEngine.run(ScriptEngine.java:194)
	at com.kms.katalon.core.main.ScriptEngine.runScriptAsRawText(ScriptEngine.java:119)
	at com.kms.katalon.core.main.TestCaseExecutor.runScript(TestCaseExecutor.java:442)
	at com.kms.katalon.core.main.TestCaseExecutor.doExecute(TestCaseExecutor.java:433)
	at com.kms.katalon.core.main.TestCaseExecutor.processExecutionPhase(TestCaseExecutor.java:412)
	at com.kms.katalon.core.main.TestCaseExecutor.accessMainPhase(TestCaseExecutor.java:404)
	at com.kms.katalon.core.main.TestCaseExecutor.execute(TestCaseExecutor.java:281)
	at com.kms.katalon.core.main.TestSuiteExecutor.accessTestCaseMainPhase(TestSuiteExecutor.java:202)
	at com.kms.katalon.core.main.TestSuiteExecutor.accessTestSuiteMainPhase(TestSuiteExecutor.java:164)
	at com.kms.katalon.core.main.TestSuiteExecutor.execute(TestSuiteExecutor.java:105)
	at com.kms.katalon.core.main.TestCaseMain.startTestSuite(TestCaseMain.java:185)
	at com.kms.katalon.core.main.TestCaseMain$startTestSuite$0.call(Unknown Source)
	at TempTestSuite1645618784199.run(TempTestSuite1645618784199.groovy:36)]]></system-err>
   </testsuite>
</testsuites>
